<?xml version="1.0" encoding="UTF-8"?>
<testng-results ignored="0" total="1" passed="1" failed="0" skipped="0">
  <reporter-output>
  </reporter-output>
  <suite started-at="2023-11-17T23:51:31 IST" name="Default suite" finished-at="2023-11-17T23:52:19 IST" duration-ms="48170">
    <groups>
      <group name="cucumber">
        <method signature="AbstractTestNGCucumberTests.runScenario(io.cucumber.testng.PickleWrapper,io.cucumber.testng.FeatureWrapper)[pri:0, instance:Loginrunner.CucumberRunnerTestslandlordlogin@293a5bf6]" name="runScenario" class="io.cucumber.testng.AbstractTestNGCucumberTests"/>
      </group> <!-- cucumber -->
    </groups>
    <test started-at="2023-11-17T23:51:31 IST" name="Default test" finished-at="2023-11-17T23:52:19 IST" duration-ms="48170">
      <class name="Loginrunner.CucumberRunnerTestslandlordlogin">
        <test-method is-config="true" signature="setUpClass(org.testng.ITestContext)[pri:0, instance:Loginrunner.CucumberRunnerTestslandlordlogin@293a5bf6]" started-at="2023-11-17T23:51:31 IST" name="setUpClass" finished-at="2023-11-17T23:51:32 IST" duration-ms="1799" status="PASS">
          <params>
            <param index="0">
              <value>
                <![CDATA[org.testng.TestRunner@24eeac69]]>
              </value>
            </param>
          </params>
          <reporter-output>
          </reporter-output>
        </test-method> <!-- setUpClass -->
        <test-method signature="runScenario(io.cucumber.testng.PickleWrapper,io.cucumber.testng.FeatureWrapper)[pri:0, instance:Loginrunner.CucumberRunnerTestslandlordlogin@293a5bf6]" started-at="2023-11-17T23:51:33 IST" name="runScenario" description="Runs Cucumber Scenarios" data-provider="scenarios" finished-at="2023-11-17T23:52:19 IST" duration-ms="46043" status="PASS">
          <params>
            <param index="0">
              <value>
                <![CDATA["This is scenerio of valid user login"]]>
              </value>
            </param>
            <param index="1">
              <value>
                <![CDATA["Login in ROC"]]>
              </value>
            </param>
          </params>
          <reporter-output>
          </reporter-output>
        </test-method> <!-- runScenario -->
        <test-method is-config="true" signature="tearDownClass()[pri:0, instance:Loginrunner.CucumberRunnerTestslandlordlogin@293a5bf6]" started-at="2023-11-17T23:52:19 IST" name="tearDownClass" finished-at="2023-11-17T23:52:19 IST" duration-ms="151" status="PASS">
          <reporter-output>
          </reporter-output>
        </test-method> <!-- tearDownClass -->
      </class> <!-- Loginrunner.CucumberRunnerTestslandlordlogin -->
    </test> <!-- Default test -->
  </suite> <!-- Default suite -->
</testng-results>
