<?xml version="1.0" encoding="UTF-8"?>
<!-- Generated by org.testng.reporters.JUnitXMLReporter -->
<testsuite ignored="0" hostname="DESKTOP-H5CHME6" failures="1" tests="1" name="Default test" time="36.564" errors="0" timestamp="2023-10-24T18:53:32 IST">
  <testcase classname="io.cucumber.testng.AbstractTestNGCucumberTests" name="runScenario" time="34.46">
    <failure type="java.lang.AssertionError" message="The following asserts failed:
	Third soft assert failed expected [true] but found [false]">
      <![CDATA[java.lang.AssertionError: The following asserts failed:
Third soft assert failed expected [true] but found [false]
at org.testng.asserts.SoftAssert.assertAll(SoftAssert.java:46)
at org.testng.asserts.SoftAssert.assertAll(SoftAssert.java:30)
at Testcases_original.validate_ScreenshotHooks.Validate(validate_ScreenshotHooks.java:48)
at ✽.User enters username as 'sayan011981@mailinator.com' and password as 'Mylogin@123'(classpath:feature/test2.feature:23)
]]>
    </failure>
  </testcase> <!-- runScenario -->
</testsuite> <!-- Default test -->
