<?xml version="1.0" encoding="UTF-8"?>
<testng-results ignored="0" total="2" passed="2" failed="0" skipped="0">
  <reporter-output>
  </reporter-output>
  <suite started-at="2023-06-12T01:06:49 IST" name="Default suite" finished-at="2023-06-12T01:07:49 IST" duration-ms="59413">
    <groups>
    </groups>
    <test started-at="2023-06-12T01:06:49 IST" name="Default test" finished-at="2023-06-12T01:07:49 IST" duration-ms="59413">
      <class name="Testcases.AllureAnnotations">
        <test-method is-config="true" signature="setUp()[pri:0, instance:Testcases.AllureAnnotations@273444fe]" started-at="2023-06-12T01:06:49 IST" name="setUp" finished-at="2023-06-12T01:07:30 IST" duration-ms="40805" status="PASS">
          <reporter-output>
          </reporter-output>
        </test-method> <!-- setUp -->
        <test-method signature="login()[pri:1, instance:Testcases.AllureAnnotations@273444fe]" started-at="2023-06-12T01:07:30 IST" name="login" description="TestNG description 1" finished-at="2023-06-12T01:07:44 IST" duration-ms="13479" status="PASS">
          <reporter-output>
          </reporter-output>
        </test-method> <!-- login -->
        <test-method signature="fail()[pri:2, instance:Testcases.AllureAnnotations@273444fe]" started-at="2023-06-12T01:07:44 IST" name="fail" description="TestNG description 2" finished-at="2023-06-12T01:07:48 IST" duration-ms="4040" status="PASS">
          <reporter-output>
          </reporter-output>
        </test-method> <!-- fail -->
        <test-method is-config="true" signature="tearDown()[pri:0, instance:Testcases.AllureAnnotations@273444fe]" started-at="2023-06-12T01:07:48 IST" name="tearDown" finished-at="2023-06-12T01:07:49 IST" duration-ms="810" status="PASS">
          <reporter-output>
          </reporter-output>
        </test-method> <!-- tearDown -->
      </class> <!-- Testcases.AllureAnnotations -->
    </test> <!-- Default test -->
  </suite> <!-- Default suite -->
</testng-results>
